<?xml version="1.0" encoding="UTF-8"?>
<!-- Generated by org.testng.reporters.JUnitReportReporter -->
<testsuite hostname="DESKTOP-ICSBMB7" failures="0" tests="1" name="tests.parameterisation.usingXML.Personal_Loan" time="0.017" errors="0" timestamp="2021-01-25T16:52:16 IST" skipped="0">
  <testcase classname="tests.parameterisation.usingXML.Personal_Loan" name="TC_APILogin" time="0.017"/>
  <system-out/>
</testsuite> <!-- tests.parameterisation.usingXML.Personal_Loan -->
