<?xml version="1.0" encoding="UTF-8"?>
<!-- Generated by org.testng.reporters.JUnitReportReporter -->
<testsuite hostname="DESKTOP-ICSBMB7" failures="0" tests="2" name="tests.annotations.CreditCard" time="0.007" errors="0" timestamp="2021-01-25T14:29:14 IST" skipped="0">
  <testcase classname="tests.annotations.CreditCard" name="test" time="0.005"/>
  <system-out/>
  <testcase classname="tests.annotations.CreditCard" name="test" time="0.002"/>
  <system-out/>
</testsuite> <!-- tests.annotations.CreditCard -->
