<?xml version="1.0" encoding="UTF-8"?>
<!-- Generated by org.testng.reporters.JUnitReportReporter -->
<testsuite hostname="DESKTOP-ICSBMB7" failures="0" tests="2" name="tests.annotations.beforeTest.CreditCard_VISA" time="0.004" errors="0" timestamp="2021-01-25T12:31:59 IST" skipped="0">
  <testcase classname="tests.annotations.beforeTest.CreditCard_VISA" name="TC_CreditCard_VISA_1" time="0.002"/>
  <system-out/>
  <testcase classname="tests.annotations.beforeTest.CreditCard_VISA" name="TC_CreditCard_VISA_2" time="0.002"/>
  <system-out/>
</testsuite> <!-- tests.annotations.beforeTest.CreditCard_VISA -->
