<?xml version="1.0" encoding="UTF-8"?>
<!-- Generated by org.testng.reporters.JUnitReportReporter -->
<testsuite hostname="DESKTOP-ICSBMB7" failures="0" tests="1" name="tests.parameterisation.usingXML.Personal_Loan_Priority_LocalVariable" time="0.004" errors="0" timestamp="2021-01-25T17:10:21 IST" skipped="0">
  <testcase classname="tests.parameterisation.usingXML.Personal_Loan_Priority_LocalVariable" name="TC_WebLogin" time="0.004"/>
  <system-out/>
</testsuite> <!-- tests.parameterisation.usingXML.Personal_Loan_Priority_LocalVariable -->
