<?xml version="1.0" encoding="UTF-8"?>
<!-- Generated by org.testng.reporters.JUnitReportReporter -->
<testsuite hostname="DESKTOP-ICSBMB7" failures="0" tests="3" name="tests.annotations.beforeTest.CreditCard_MASTER" time="0.014" errors="0" timestamp="2021-01-25T12:31:59 IST" skipped="0">
  <testcase classname="tests.annotations.beforeTest.CreditCard_MASTER" name="TC_CreditCard_MASTER_3" time="0.003"/>
  <system-out/>
  <testcase classname="tests.annotations.beforeTest.CreditCard_MASTER" name="TC_CreditCard_MASTER_1" time="0.009"/>
  <system-out/>
  <testcase classname="tests.annotations.beforeTest.CreditCard_MASTER" name="TC_CreditCard_MASTER_2" time="0.002"/>
  <system-out/>
</testsuite> <!-- tests.annotations.beforeTest.CreditCard_MASTER -->
