<?xml version="1.0" encoding="UTF-8"?>
<!-- Generated by org.testng.reporters.JUnitReportReporter -->
<testsuite hostname="DESKTOP-ICSBMB7" failures="0" tests="1" name="tests.creditCards.groups.CreditCard_MASTER" time="0.014" errors="0" timestamp="2021-01-25T13:08:01 IST" skipped="0">
  <testcase classname="tests.creditCards.groups.CreditCard_MASTER" name="TC_CreditCard_MASTER_1" time="0.014"/>
  <system-out/>
</testsuite> <!-- tests.creditCards.groups.CreditCard_MASTER -->
