<?xml version="1.0" encoding="UTF-8"?>
<!-- Generated by org.testng.reporters.JUnitReportReporter -->
<testsuite hostname="DESKTOP-ICSBMB7" failures="0" tests="2" name="tests.Day1" time="0.030" errors="0" timestamp="2021-01-25T11:25:47 IST" skipped="0">
  <testcase classname="tests.Day1" name="testngDemo" time="0.023"/>
  <system-out/>
  <testcase classname="tests.Day1" name="testngDemo_2" time="0.007"/>
  <system-out/>
</testsuite> <!-- tests.Day1 -->
