<?xml version="1.0" encoding="UTF-8"?>
<!-- Generated by org.testng.reporters.JUnitReportReporter -->
<testsuite hostname="DESKTOP-ICSBMB7" failures="0" tests="4" name="tests.Personal_Loan" time="0.036" errors="0" timestamp="2021-01-25T17:34:04 IST" skipped="0">
  <testcase classname="tests.Personal_Loan" name="TC_APILogin" time="0.021"/>
  <system-out/>
  <testcase classname="tests.Personal_Loan" name="TC_MobileLogin" time="0.009"/>
  <system-out/>
  <testcase classname="tests.Personal_Loan" name="TC_WebLogin" time="0.002"/>
  <system-out/>
  <testcase classname="tests.Personal_Loan" name="TC_PersonalLoan" time="0.004"/>
  <system-out/>
</testsuite> <!-- tests.Personal_Loan -->
