<?xml version="1.0" encoding="UTF-8"?>
<!-- Generated by org.testng.reporters.JUnitReportReporter -->
<testsuite hostname="DESKTOP-ICSBMB7" failures="0" tests="1" name="tests.creditCards.groups.CreditCard_VISA" time="0.003" errors="0" timestamp="2021-01-25T13:08:01 IST" skipped="0">
  <testcase classname="tests.creditCards.groups.CreditCard_VISA" name="TC_CreditCard_Visa_1" time="0.003"/>
  <system-out/>
</testsuite> <!-- tests.creditCards.groups.CreditCard_VISA -->
