<?xml version="1.0" encoding="UTF-8"?>
<!-- Generated by org.testng.reporters.JUnitReportReporter -->
<testsuite hostname="DESKTOP-ICSBMB7" failures="0" tests="3" name="tests.parameterisation.using_DataProvider.Personal_Loan" time="0.020" errors="0" timestamp="2021-01-25T17:11:10 IST" skipped="0">
  <testcase classname="tests.parameterisation.using_DataProvider.Personal_Loan" name="TC_APILogin" time="0.003"/>
  <system-out/>
  <testcase classname="tests.parameterisation.using_DataProvider.Personal_Loan" name="TC_APILogin" time="0.011"/>
  <system-out/>
  <testcase classname="tests.parameterisation.using_DataProvider.Personal_Loan" name="TC_APILogin" time="0.006"/>
  <system-out/>
</testsuite> <!-- tests.parameterisation.using_DataProvider.Personal_Loan -->
