<?xml version="1.0" encoding="UTF-8"?>
<!-- Generated by org.testng.reporters.JUnitReportReporter -->
<testsuite hostname="DESKTOP-ICSBMB7" failures="0" tests="1" name="tests.creditCards.CreditCard_MASTER" time="0.021" errors="0" timestamp="2021-01-25T14:14:25 IST" skipped="0">
  <testcase classname="tests.creditCards.CreditCard_MASTER" name="TC_CreditCard_MASTER" time="0.021"/>
  <system-out/>
</testsuite> <!-- tests.creditCards.CreditCard_MASTER -->
