<?xml version="1.0" encoding="UTF-8"?>
<!-- Generated by org.testng.reporters.JUnitReportReporter -->
<testsuite hostname="DESKTOP-ICSBMB7" failures="0" tests="1" name="tests.Home_Loan" time="0.005" errors="0" timestamp="2021-01-25T17:34:04 IST" skipped="0">
  <testcase classname="tests.Home_Loan" name="TC_HomeLoan" time="0.005"/>
  <system-out/>
</testsuite> <!-- tests.Home_Loan -->
