<?xml version="1.0" encoding="UTF-8"?>
<!-- Generated by org.testng.reporters.JUnitReportReporter -->
<testsuite hostname="DESKTOP-ICSBMB7" failures="0" tests="3" name="tests.enabled.Personal_Loan" time="0.015" errors="0" timestamp="2021-01-25T13:20:55 IST" skipped="1">
  <testcase classname="tests.enabled.Personal_Loan" name="TC_WebLogin" time="0.002"/>
  <system-out/>
  <testcase classname="tests.enabled.Personal_Loan" name="TC_APILogin" time="0.013"/>
  <system-out/>
  <testcase classname="tests.enabled.Personal_Loan" name="TC_MobileLogin">
    <skipped/>
  </testcase> <!-- TC_MobileLogin -->
  <system-out/>
</testsuite> <!-- tests.enabled.Personal_Loan -->
