<?xml version="1.0" encoding="UTF-8"?>
<!-- Generated by org.testng.reporters.JUnitReportReporter -->
<testsuite hostname="DESKTOP-ICSBMB7" failures="0" tests="1" name="tests.timeOut.Personal_Loan" time="0.023" errors="0" timestamp="2021-01-25T13:25:15 IST" skipped="0">
  <testcase classname="tests.timeOut.Personal_Loan" name="TC_APILogin" time="0.023"/>
  <system-out/>
</testsuite> <!-- tests.timeOut.Personal_Loan -->
